<?xml version="1.0" encoding="utf-8"?><testsuites name="pytest tests"><testsuite name="pytest" errors="0" failures="0" skipped="0" tests="19" time="65.788" timestamp="2026-06-01T14:20:56.575510+00:00" hostname="agent-env-2054dc88-e859-4fe5-9cf4-3de37885e981"><testcase classname="backend.tests.test_phase3_api.TestGuest" name="test_guest_start" time="0.562" /><testcase classname="backend.tests.test_phase3_api.TestGuest" name="test_guest_chat_quota_402" time="23.215" /><testcase classname="backend.tests.test_phase3_api.TestGuest" name="test_guest_file_upload_quota" time="1.523" /><testcase classname="backend.tests.test_phase3_api.TestGuest" name="test_guest_cannot_boardroom" time="0.314" /><testcase classname="backend.tests.test_phase3_api.TestPlansBilling" name="test_plans_public" time="0.115" /><testcase classname="backend.tests.test_phase3_api.TestPlansBilling" name="test_me_usage" time="0.146" /><testcase classname="backend.tests.test_phase3_api.TestPlansBilling" name="test_billing_checkout_creator" time="1.714" /><testcase classname="backend.tests.test_phase3_api.TestInvitesTeam" name="test_team_requires_admin" time="0.146" /><testcase classname="backend.tests.test_phase3_api.TestInvitesTeam" name="test_team_owner_can_list" time="0.042" /><testcase classname="backend.tests.test_phase3_api.TestInvitesTeam" name="test_invite_create_and_preview_and_revoke" time="0.291" /><testcase classname="backend.tests.test_phase3_api.TestInvitesTeam" name="test_role_change_cannot_demote_owner" time="0.049" /><testcase classname="backend.tests.test_phase3_api.TestBoardroom" name="test_personas_8" time="0.051" /><testcase classname="backend.tests.test_phase3_api.TestBoardroom" name="test_create_run_publish" time="36.723" /><testcase classname="backend.tests.test_phase3_api.TestMemory" name="test_memory_crud" time="0.340" /><testcase classname="backend.tests.test_phase3_api.TestApprovalsIntegrations" name="test_integrations_status" time="0.084" /><testcase classname="backend.tests.test_phase3_api.TestApprovalsIntegrations" name="test_gmail_draft_approve" time="0.204" /><testcase classname="backend.tests.test_phase3_api.TestApprovalsIntegrations" name="test_reject_flow" time="0.111" /><testcase classname="backend.tests.test_phase3_api.TestEnvSnapshot" name="test_env_snapshot" time="0.050" /><testcase classname="backend.tests.test_phase3_api.TestHealth" name="test_diagnostics" time="0.056" /></testsuite></testsuites>