<?xml version="1.0" encoding="utf-8"?><testsuites name="pytest tests"><testsuite name="pytest" errors="0" failures="1" skipped="0" tests="25" time="19.174" timestamp="2026-06-01T11:51:50.668435+00:00" hostname="agent-env-2054dc88-e859-4fe5-9cf4-3de37885e981"><testcase classname="backend.tests.test_evaone_api.TestAuth" name="test_me_with_valid_bearer" time="0.548" /><testcase classname="backend.tests.test_evaone_api.TestAuth" name="test_me_without_token" time="0.076" /><testcase classname="backend.tests.test_evaone_api.TestAuth" name="test_me_invalid_token" time="0.347" /><testcase classname="backend.tests.test_evaone_api.TestAuth" name="test_logout_cookie_path" time="0.105" /><testcase classname="backend.tests.test_evaone_api.TestModels" name="test_list_models" time="0.117" /><testcase classname="backend.tests.test_evaone_api.TestChat" name="test_create_session" time="0.094" /><testcase classname="backend.tests.test_evaone_api.TestChat" name="test_list_sessions" time="0.213" /><testcase classname="backend.tests.test_evaone_api.TestChat" name="test_send_message_claude_default" time="1.999" /><testcase classname="backend.tests.test_evaone_api.TestChat" name="test_list_messages_ordered" time="0.146" /><testcase classname="backend.tests.test_evaone_api.TestChat" name="test_send_message_gpt_switch" time="0.418"><failure message="AssertionError: {&quot;detail&quot;:&quot;LLM call failed: Failed to generate chat completion: litellm.BadRequestError: OpenAIException - {'error': '/chat/completions: Invalid model name passed in model=gpt-5.4. Call `/v1/models` to view available models for your key.'}&quot;}&#10;assert 500 == 200&#10; +  where 500 = &lt;Response [500]&gt;.status_code">backend/tests/test_evaone_api.py:104: in test_send_message_gpt_switch
    assert r.status_code == 200, r.text
E   AssertionError: {"detail":"LLM call failed: Failed to generate chat completion: litellm.BadRequestError: OpenAIException - {'error': '/chat/completions: Invalid model name passed in model=gpt-5.4. Call `/v1/models` to view available models for your key.'}"}
E   assert 500 == 200
E    +  where 500 = &lt;Response [500]&gt;.status_code</failure></testcase><testcase classname="backend.tests.test_evaone_api.TestChat" name="test_delete_session" time="0.276" /><testcase classname="backend.tests.test_evaone_api.TestVault" name="test_note_crud_and_search" time="0.872" /><testcase classname="backend.tests.test_evaone_api.TestProjects" name="test_project_crud" time="0.350" /><testcase classname="backend.tests.test_evaone_api.TestOnboard" name="test_onboard_idempotent" time="0.159" /><testcase classname="backend.tests.test_evaone_api.TestDashboard" name="test_stats" time="0.102" /><testcase classname="backend.tests.test_evaone_api.TestDashboard" name="test_activity" time="0.097" /><testcase classname="backend.tests.test_evaone_api.TestFiles" name="test_upload" time="0.588" /><testcase classname="backend.tests.test_evaone_api.TestFiles" name="test_list_files" time="0.094" /><testcase classname="backend.tests.test_evaone_api.TestFiles" name="test_download" time="0.405" /><testcase classname="backend.tests.test_evaone_api.TestFiles" name="test_analyze" time="8.731" /><testcase classname="backend.tests.test_evaone_api.TestFiles" name="test_delete_soft" time="0.622" /><testcase classname="backend.tests.test_evaone_api.TestIsolation" name="test_user_b_cannot_see_user_a_data" time="0.263" /><testcase classname="backend.tests.test_evaone_api.TestVoice" name="test_transcribe" time="1.161" /><testcase classname="backend.tests.test_evaone_api.TestVoice" name="test_speak" time="1.199" /><testcase classname="backend.tests.test_evaone_api.TestVoice" name="test_speak_empty" time="0.090" /></testsuite></testsuites>