<?xml version="1.0" encoding="utf-8"?><testsuites name="pytest tests"><testsuite name="pytest" errors="0" failures="1" skipped="0" tests="25" time="21.706" timestamp="2026-06-01T14:22:41.598689+00:00" hostname="agent-env-2054dc88-e859-4fe5-9cf4-3de37885e981"><testcase classname="backend.tests.test_evaone_api.TestAuth" name="test_me_with_valid_bearer" time="0.154" /><testcase classname="backend.tests.test_evaone_api.TestAuth" name="test_me_without_token" time="0.085" /><testcase classname="backend.tests.test_evaone_api.TestAuth" name="test_me_invalid_token" time="0.114" /><testcase classname="backend.tests.test_evaone_api.TestAuth" name="test_logout_cookie_path" time="0.116" /><testcase classname="backend.tests.test_evaone_api.TestModels" name="test_list_models" time="0.121" /><testcase classname="backend.tests.test_evaone_api.TestChat" name="test_create_session" time="0.125" /><testcase classname="backend.tests.test_evaone_api.TestChat" name="test_list_sessions" time="0.187" /><testcase classname="backend.tests.test_evaone_api.TestChat" name="test_send_message_claude_default" time="1.723" /><testcase classname="backend.tests.test_evaone_api.TestChat" name="test_list_messages_ordered" time="0.131" /><testcase classname="backend.tests.test_evaone_api.TestChat" name="test_send_message_gpt_switch" time="0.184"><failure message="AssertionError: {&quot;detail&quot;:&quot;Feature 'multi_model' requires upgrade. Current plan: free&quot;}&#10;assert 402 == 200&#10; +  where 402 = &lt;Response [402]&gt;.status_code">E   AssertionError: {"detail":"Feature 'multi_model' requires upgrade. Current plan: free"}
    assert 402 == 200
     +  where 402 = &lt;Response [402]&gt;.status_code</failure></testcase><testcase classname="backend.tests.test_evaone_api.TestChat" name="test_delete_session" time="0.200" /><testcase classname="backend.tests.test_evaone_api.TestVault" name="test_note_crud_and_search" time="0.558" /><testcase classname="backend.tests.test_evaone_api.TestProjects" name="test_project_crud" time="0.316" /><testcase classname="backend.tests.test_evaone_api.TestOnboard" name="test_onboard_idempotent" time="0.174" /><testcase classname="backend.tests.test_evaone_api.TestDashboard" name="test_stats" time="0.147" /><testcase classname="backend.tests.test_evaone_api.TestDashboard" name="test_activity" time="0.139" /><testcase classname="backend.tests.test_evaone_api.TestFiles" name="test_upload" time="0.565" /><testcase classname="backend.tests.test_evaone_api.TestFiles" name="test_list_files" time="0.122" /><testcase classname="backend.tests.test_evaone_api.TestFiles" name="test_download" time="0.451" /><testcase classname="backend.tests.test_evaone_api.TestFiles" name="test_analyze" time="9.478" /><testcase classname="backend.tests.test_evaone_api.TestFiles" name="test_delete_soft" time="1.091" /><testcase classname="backend.tests.test_evaone_api.TestIsolation" name="test_user_b_cannot_see_user_a_data" time="0.368" /><testcase classname="backend.tests.test_evaone_api.TestVoice" name="test_transcribe" time="2.038" /><testcase classname="backend.tests.test_evaone_api.TestVoice" name="test_speak" time="2.919" /><testcase classname="backend.tests.test_evaone_api.TestVoice" name="test_speak_empty" time="0.130" /></testsuite></testsuites>